<?xml version="1.0" encoding="UTF-8" standalone="yes"?>
<Library xmlns:xsi="http://www.w3.org/2001/XMLSchema-instance">
	<record>
		<AgroforestryPractice>General</AgroforestryPractice>
		<WebinarTitle>Conservation Buffers to Support Beneficial Insects on Organic Farms</WebinarTitle>
		<Presenter>Mace Vaughan</Presenter>
		<Date>2016</Date>
		<WebinarHost>NRCS</WebinarHost>
		<Link>http://www.conservationwebinars.net/webinars/conservation-buffers-to-support-beneficial-insects-on-organic-farms</Link>
	</record>
	<record>
		<AgroforestryPractice>General</AgroforestryPractice>
		<WebinarTitle>Carbon Farming: A Perennial Crops Approach for Global Food Security and Climate Change Mitigation" </WebinarTitle>
		<Presenter>Eric Toensmeier</Presenter>
		<Date>2016</Date>
		<WebinarHost>University of Missouri</WebinarHost>
		<Link>https://agroforestry.adobeconnect.com/p565didyozo/</Link>
	</record>
	<record>
		<AgroforestryPractice>Forest Farming</AgroforestryPractice>
		<WebinarTitle>Log-Grown Shiitake Mushrooms: A Case Study in Profitable Agroforestry</WebinarTitle>
		<Presenter>Steve Gabriel</Presenter>
		<Date>2016</Date>
		<WebinarHost>University of Missouri</WebinarHost>
		<Link>https://agroforestry.adobeconnect.com/p3vcwbv5p5j/</Link>
	</record>
	<record>
		<AgroforestryPractice>Riparian Forest Buffers</AgroforestryPractice>
		<WebinarTitle>Success Strategies for Reaching Out to Absentee Landowners</WebinarTitle>
		<Presenter>Joe Thompson</Presenter>
		<Date>2016</Date>
		<WebinarHost>USDA Forest Service Northeastern Area</WebinarHost>
		<Link>https://usfs.adobeconnect.com/p5d8ktdy5wl?launcher=false&amp;fcsContent=true&amp;pbMode=normal</Link>
	</record>
	<record>
		<AgroforestryPractice>Riparian Forest Buffers</AgroforestryPractice>
		<WebinarTitle>How Does the West Virginia Fencing Project Work to Protect Streams and Riparian Forest Buffers and How Could You Set up this Kind of Partnership in Your State?</WebinarTitle>
		<Presenter>Gary Berti and John Schmidt</Presenter>
		<Date>2016</Date>
		<WebinarHost>USDA Forest Service Northeastern Area</WebinarHost>
		<Link>https://usfs.adobeconnect.com/p5s4j09zhlp/?launcher=false&amp;fcsContent=true&amp;pbMode=normal</Link>
	</record>
	<record>
		<AgroforestryPractice>Riparian Forest Buffers</AgroforestryPractice>
		<WebinarTitle>Regional Conservation Partnership Program (RCPP) Projects in the Chesapeake Bay Watershed</WebinarTitle>
		<Presenter>Jake Reilly and Mark Rose</Presenter>
		<Date>2016</Date>
		<WebinarHost>USDA Forest Service Northeastern Area</WebinarHost>
		<Link>https://usfs.adobeconnect.com/p1e153w92b7</Link>
	</record>
	<record>
		<AgroforestryPractice>Riparian Forest Buffers</AgroforestryPractice>
		<WebinarTitle>Addressing the Concerns of Aging Landowners Regarding Long Term or Permanent Protection of Riparian Forest Buffers, Retirement, and Handing Off to the Next Generation</WebinarTitle>
		<Presenter>Toby Lloyd</Presenter>
		<Date>2016</Date>
		<WebinarHost>USDA Forest Service Northeastern Area</WebinarHost>
		<Link>https://usfs.adobeconnect.com/p8aijwc9ixf?launcher=false&amp;fcsContent=true&amp;pbMode=normal</Link>
	</record>
	<record>
		<AgroforestryPractice>Riparian Forest Buffers</AgroforestryPractice>
		<WebinarTitle>From Tree Planting to Establishment, Lessons Learned from Practices and Science on How to Improve Long-Term Riparian Forest Buffer Success and Save Money</WebinarTitle>
		<Presenter>David Wise and Katie Ombalski</Presenter>
		<Date>2016</Date>
		<WebinarHost>USDA Forest Service Northeastern Area</WebinarHost>
		<Link>https://usfs.adobeconnect.com/p26qrjlw026?launcher=false&amp;fcsContent=true&amp;pbMode=normal</Link>
	</record>
	<record>
		<AgroforestryPractice>General</AgroforestryPractice>
		<WebinarTitle>Creating an Evergreen Agriculture</WebinarTitle>
		<Presenter>Dennis Garrity</Presenter>
		<Date>2015</Date>
		<WebinarHost>University of Missouri</WebinarHost>
		<Link>http://www.agroforestryinaction.org/#!recorded-webinars-/yzo90</Link>
	</record>
	<record>
		<AgroforestryPractice>General</AgroforestryPractice>
		<WebinarTitle>Agroforestry for Climate Change Adaptation</WebinarTitle>
		<Presenter>Tom Sauer</Presenter>
		<Date>2015</Date>
		<WebinarHost>University of Missouri</WebinarHost>
		<Link>http://www.agroforestryinaction.org/#!recorded-webinars-/yzo90</Link>
	</record>
	<record>
		<AgroforestryPractice>General</AgroforestryPractice>
		<WebinarTitle>Introduction to Agroforestry Systems</WebinarTitle>
		<Presenter>Rich Straight</Presenter>
		<Date>2015</Date>
		<WebinarHost>NRCS</WebinarHost>
		<Link>http://www.conservationwebinars.net/webinars/introduction-to-agroforestry-systems/?searchterm=None</Link>
	</record>
	<record>
		<AgroforestryPractice>General</AgroforestryPractice>
		<WebinarTitle>Agroforestry Delivering Multifunctional Agriculture</WebinarTitle>
		<Presenter>Roger Leakey</Presenter>
		<Date>2015</Date>
		<WebinarHost>University of Missouri</WebinarHost>
		<Link>http://www.agroforestryinaction.org/#!recorded-webinars-/yzo90</Link>
	</record>
	<record>
		<AgroforestryPractice>Forest Farming</AgroforestryPractice>
		<WebinarTitle>Log-Grown Shiitake Mushrooms: A Case Study in Profitable Agroforestry</WebinarTitle>
		<Presenter>Steve Gabriel</Presenter>
		<Date>2015</Date>
		<WebinarHost>eXtension Forest Farming Community of Practice</WebinarHost>
		<Link>http://www.agroforestryinaction.org/#!recorded-webinars-/yzo90</Link>
	</record>
	<record>
		<AgroforestryPractice>Forest Farming</AgroforestryPractice>
		<WebinarTitle>Forest Botanicals Deep and Tangled Roots</WebinarTitle>
		<Presenter>Eric Burkhart</Presenter>
		<Date>2015</Date>
		<WebinarHost>eXtension Forest Farming Community of Practice</WebinarHost>
		<Link>http://www.extension.org/pages/72602/forest-botanicals-deep-and-tangled-roots-webinar-with-eric-burkhart#.VedoOZjotzM</Link>
	</record>
	<record>
		<AgroforestryPractice>Riparian Forest Buffers</AgroforestryPractice>
		<WebinarTitle>AgBufferBuilder: A GIS Tool for Precision Design of Filter Strips</WebinarTitle>
		<Presenter>Mike Dosskey</Presenter>
		<Date>2015</Date>
		<WebinarHost>Ohio Watershed Network</WebinarHost>
		<Link>https://carmenconnect.osu.edu/p4z0a1c7ozq/?launcher=false&amp;fcsContent=true&amp;pbMode=normal</Link>
	</record>
	<record>
		<AgroforestryPractice>Silvopasture</AgroforestryPractice>
		<WebinarTitle>Silvopasture in the Northeast</WebinarTitle>
		<Presenter>Joe Orefice</Presenter>
		<Date>2015</Date>
		<WebinarHost>University of Missouri</WebinarHost>
		<Link>http://www.agroforestryinaction.org/#!recorded-webinars-/yzo90</Link>
	</record>
	<record>
		<AgroforestryPractice>Windbreaks</AgroforestryPractice>
		<WebinarTitle>Snow Control Tools</WebinarTitle>
		<Presenter>Gary Wyatt, Diomy Zamora, David Smith, Dean Current, and Daniel Gullickson</Presenter>
		<Date>2015</Date>
		<WebinarHost>University of Minnesota</WebinarHost>
		<Link>http://snowcontroltools.umn.edu/videos/index.html</Link>
	</record>
	<record>
		<AgroforestryPractice>Windbreaks</AgroforestryPractice>
		<WebinarTitle>Shrub Willows for Living Snow Fences</WebinarTitle>
		<Presenter>Diomy Zamora, Eric Ogdahl, and Gary Wyatt</Presenter>
		<Date>2015</Date>
		<WebinarHost>University of Minnesota</WebinarHost>
		<Link>http://snowcontroltools.umn.edu/videos/index.html</Link>
	</record>
	<record>
		<AgroforestryPractice>Windbreaks</AgroforestryPractice>
		<WebinarTitle>Snow Control Tools</WebinarTitle>
		<Presenter>Dan Gullickson and David Smith</Presenter>
		<Date>2015</Date>
		<WebinarHost>University of Minnesota</WebinarHost>
		<Link>http://snowcontroltools.umn.edu/videos/index.html</Link>
	</record>
	<record>
		<AgroforestryPractice>Riparian Forest Buffers</AgroforestryPractice>
		<WebinarTitle>Why is Restoring Streamside Forested Buffers so Critical to Healthy Streams and the Health of the Bay?</WebinarTitle>
		<Presenter>Bern Sweeney</Presenter>
		<Date>2015</Date>
		<WebinarHost>USDA Forest Service Northeastern Area</WebinarHost>
		<Link>https://usfs.adobeconnect.com/p1uc3sf8jj5</Link>
	</record>
	<record>
		<AgroforestryPractice>Riparian Forest Buffers</AgroforestryPractice>
		<WebinarTitle>Bobby’s Seven Principles of Getting More Riparian Buffers on the Ground: The Science, the Solution and the Sell for Livestock Producers</WebinarTitle>
		<Presenter>Bobby Whitescarver</Presenter>
		<Date>2015</Date>
		<WebinarHost>USDA Forest Service Northeastern Area</WebinarHost>
		<Link>https://usfs.adobeconnect.com/p94afgtraac</Link>
	</record>
	<record>
		<AgroforestryPractice>Riparian Forest Buffers</AgroforestryPractice>
		<WebinarTitle>How to Fund, Start, and Operate a Farm Stewardship Program to Boost Riparian Forest Buffers and Provide Conservation Vouchers for CostShare Programs, Including EQIP</WebinarTitle>
		<Presenter>Stephanie Eisenbise</Presenter>
		<Date>2015</Date>
		<WebinarHost>USDA Forest Service Northeastern Area</WebinarHost>
		<Link>https://usfs.adobeconnect.com/p6ku3h85bia</Link>
	</record>
	<record>
		<AgroforestryPractice>Forest Farming</AgroforestryPractice>
		<WebinarTitle>Charcoal Making, Then and Now</WebinarTitle>
		<Presenter>Adam Downing and Sanford S. Smith</Presenter>
		<Date>2014</Date>
		<WebinarHost>eXtension Forest Farming Community of Practice</WebinarHost>
		<Link>http://www.extension.org/pages/71919/charcoal-making-then-and-now-with-adam-downing-and-sanford-s-smith#.VedoPJjotzM</Link>
	</record>
	<record>
		<AgroforestryPractice>Forest Farming</AgroforestryPractice>
		<WebinarTitle>Forest Cultivated Mushrooms, a Rotten Business</WebinarTitle>
		<Presenter>Ken Mudge</Presenter>
		<Date>2014</Date>
		<WebinarHost>eXtension Forest Farming Community of Practice</WebinarHost>
		<Link>http://www.extension.org/pages/71887/forest-cultivated-mushrooms-a-rotten-business-webinar-with-ken-mudge#.VedoN5jotzM</Link>
	</record>
	<record>
		<AgroforestryPractice>Forest Farming</AgroforestryPractice>
		<WebinarTitle>Art from the Forest</WebinarTitle>
		<Presenter>Allaire Diamond</Presenter>
		<Date>2014</Date>
		<WebinarHost>eXtension Forest Farming Community of Practice</WebinarHost>
		<Link>http://www.extension.org/pages/71825/art-from-the-forest-with-allaire-diamond#.VedoNZjotzM</Link>
	</record>
	<record>
		<AgroforestryPractice>Forest Farming</AgroforestryPractice>
		<WebinarTitle>Manage Your Forest for Pine Straw and Rake in the Profits</WebinarTitle>
		<Presenter>Becky Barlow</Presenter>
		<Date>2014</Date>
		<WebinarHost>eXtension Forest Farming Community of Practice</WebinarHost>
		<Link>http://www.extension.org/pages/71692/manage-your-forest-for-pine-straw-and-rake-in-the-profits-webinar-with-becky-barlow#.VedoM5jotzM</Link>
	</record>
	<record>
		<AgroforestryPractice>Forest Farming</AgroforestryPractice>
		<WebinarTitle>Forest Brews</WebinarTitle>
		<Presenter>Al Robertson and Mike Burns</Presenter>
		<Date>2014</Date>
		<WebinarHost>eXtension Forest Farming Community of Practice</WebinarHost>
		<Link>http://www.extension.org/pages/71237/forest-brews-webinar-with-al-robertson-and-mike-burns#.VedoMJjotzM</Link>
	</record>
	<record>
		<AgroforestryPractice>Forest Farming</AgroforestryPractice>
		<WebinarTitle>Ramping Up to Forest Farm Culinary Delights</WebinarTitle>
		<Presenter>Jim Chamberlain</Presenter>
		<Date>2014</Date>
		<WebinarHost>eXtension Forest Farming Community of Practice</WebinarHost>
		<Link>http://www.extension.org/pages/71198/ramping-up-to-forest-farm-culinary-delights-webinar-with-jim-chamberlain#.VedoLZjotzM</Link>
	</record>
	<record>
		<AgroforestryPractice>Forest Farming</AgroforestryPractice>
		<WebinarTitle>The Incredible Edible Ostrich Fern Fiddlehead</WebinarTitle>
		<Presenter>Dave Fuller</Presenter>
		<Date>2014</Date>
		<WebinarHost>eXtension Forest Farming Community of Practice</WebinarHost>
		<Link>http://www.extension.org/pages/71176/the-incredible-edible-ostrich-fern-fiddlehead-webinar-with-dave-fuller#.VednyJjotzM</Link>
	</record>
	<record>
		<AgroforestryPractice>Forest Farming</AgroforestryPractice>
		<WebinarTitle>From Ginseng to Mushrooms: Goodies from Your Woods</WebinarTitle>
		<Presenter>Jeanine Davis</Presenter>
		<Date>2014</Date>
		<WebinarHost>eXtension Forest Farming Community of Practice</WebinarHost>
		<Link>http://www.extension.org/pages/71171/from-ginseng-to-mushrooms:-goodies-from-your-woods-webinar-with-jeanine-davis#.Vednw5jotzM</Link>
	</record>
	<record>
		<AgroforestryPractice>Silvopasture</AgroforestryPractice>
		<WebinarTitle>Sustainably Growing Timber, Pasture and Livestock: Trees Into Pasture</WebinarTitle>
		<Presenter>Brett Chedzoy</Presenter>
		<Date>2014</Date>
		<WebinarHost>Cornell University</WebinarHost>
		<Link>https://www.youtube.com/watch?v=-j8KOVFxRbk</Link>
	</record>
	<record>
		<AgroforestryPractice>Silvopasture</AgroforestryPractice>
		<WebinarTitle>A case for expanding silvopasture in the Northeast</WebinarTitle>
		<Presenter>Roy Brubaker</Presenter>
		<Date>2014</Date>
		<WebinarHost>Cornell University</WebinarHost>
		<Link>https://www.youtube.com/watch?v=Pf_Qf1EAu04</Link>
	</record>
	<record>
		<AgroforestryPractice>General</AgroforestryPractice>
		<WebinarTitle>Agroforestry: Hedging Bets Under Climate Change</WebinarTitle>
		<Presenter>Gary Bentrup</Presenter>
		<Date>2013</Date>
		<WebinarHost>eXtension Forest Farming Community of Practice</WebinarHost>
		<Link>http://www.extension.org/pages/70223/webinar-agroforestry:-hedging-bets-under-climate-change#.VedoU5jotzM</Link>
	</record>
	<record>
		<AgroforestryPractice>General</AgroforestryPractice>
		<WebinarTitle>Outreach: What Social Factors "Sell" Landowners on Agroforestry Practices</WebinarTitle>
		<Presenter>Emily Stutzman Jones and Becky Barlow</Presenter>
		<Date>2013</Date>
		<WebinarHost>NRCS</WebinarHost>
		<Link>http://www.conservationwebinars.net/webinars/outreach-what-social-factors-sell-landowners-on-agroforestry-practices/?searchterm=None</Link>
	</record>
	<record>
		<AgroforestryPractice>Forest Farming</AgroforestryPractice>
		<WebinarTitle>Mushroom Cultivation</WebinarTitle>
		<Presenter>Steve Gabriel</Presenter>
		<Date>2013</Date>
		<WebinarHost>Cornell University</WebinarHost>
		<Link>https://www.youtube.com/watch?v=-GzRyGbNNUM&amp;feature=youtu.be</Link>
	</record>
	<record>
		<AgroforestryPractice>Riparian Forest Buffers</AgroforestryPractice>
		<WebinarTitle>Conservation Buffers: Sink or Source Habitats for Fish-Wildlife?</WebinarTitle>
		<Presenter>William L. Hohman</Presenter>
		<Date>2013</Date>
		<WebinarHost>NRCS</WebinarHost>
		<Link>http://www.conservationwebinars.net/webinars/conservation-buffers-sink-or-source-habitats-for-fish-wildlife/?searchterm=None</Link>
	</record>
	<record>
		<AgroforestryPractice>Windbreaks</AgroforestryPractice>
		<WebinarTitle>Small Scale Woody Biomass Successes, Challenges &amp; Lessons Learned</WebinarTitle>
		<Presenter>Dave Atkins</Presenter>
		<Date>2012</Date>
		<WebinarHost>NAC</WebinarHost>
		<Link>http://nac.unl.edu/multimedia/conferences/Great_Plains/windbreakrenovation20120724.htm</Link>
	</record>
	<record>
		<AgroforestryPractice>Windbreaks</AgroforestryPractice>
		<WebinarTitle>Shelterbelts, Beef Producers &amp; Behaviours: Investigating an Alternative Approach Using Social Marketing</WebinarTitle>
		<Presenter>Ryan Canart, Ian Shanghvi, William Ashton, &amp; Blair English</Presenter>
		<Date>2012</Date>
		<WebinarHost>NAC</WebinarHost>
		<Link>http://nac.unl.edu/multimedia/conferences/Great_Plains/windbreakrenovation20120724.htm</Link>
	</record>
	<record>
		<AgroforestryPractice>Windbreaks</AgroforestryPractice>
		<WebinarTitle>Pollinator-friendly Multi-functional Windbreak Design</WebinarTitle>
		<Presenter>Mark Wonneck</Presenter>
		<Date>2012</Date>
		<WebinarHost>NAC</WebinarHost>
		<Link>http://nac.unl.edu/multimedia/conferences/Great_Plains/windbreakrenovation20120724.htm</Link>
	</record>
	<record>
		<AgroforestryPractice>Windbreaks</AgroforestryPractice>
		<WebinarTitle>Multifunctional Shelterbelts: Considerations and Designs for Ecobuffers &amp; Ecologically-based Farming</WebinarTitle>
		<Presenter>Gary Bank</Presenter>
		<Date>2012</Date>
		<WebinarHost>NAC</WebinarHost>
		<Link>http://nac.unl.edu/multimedia/conferences/Great_Plains/windbreakrenovation20120724.htm</Link>
	</record>
	<record>
		<AgroforestryPractice>Windbreaks</AgroforestryPractice>
		<WebinarTitle>Agroforestry: Accounting for Windbreak's Climate Change Contributions</WebinarTitle>
		<Presenter>Michele Schoeneberger, Jim Brandle, Xinhua Zhou, John Kort, Tom Sauer</Presenter>
		<Date>2012</Date>
		<WebinarHost>NAC</WebinarHost>
		<Link>http://nac.unl.edu/multimedia/conferences/Great_Plains/windbreakrenovation20120724.htm</Link>
	</record>
	<record>
		<AgroforestryPractice>Windbreaks</AgroforestryPractice>
		<WebinarTitle>Windbreak Economics</WebinarTitle>
		<Presenter>Larry D. Godsey</Presenter>
		<Date>2012</Date>
		<WebinarHost>NAC</WebinarHost>
		<Link>http://nac.unl.edu/multimedia/conferences/Great_Plains/windbreakrenovation20120724.htm</Link>
	</record>
	<record>
		<AgroforestryPractice>Windbreaks</AgroforestryPractice>
		<WebinarTitle>Renovation and Innovation in Canadian Windbreaks</WebinarTitle>
		<Presenter>John Kort</Presenter>
		<Date>2012</Date>
		<WebinarHost>NAC</WebinarHost>
		<Link>http://nac.unl.edu/multimedia/conferences/Great_Plains/windbreakrenovation20120724.htm</Link>
	</record>
	<record>
		<AgroforestryPractice>Windbreaks</AgroforestryPractice>
		<WebinarTitle>United States National Windbreak Perspective</WebinarTitle>
		<Presenter>Bruce Wight</Presenter>
		<Date>2012</Date>
		<WebinarHost>NAC</WebinarHost>
		<Link>http://nac.unl.edu/multimedia/conferences/Great_Plains/windbreakrenovation20120724.htm</Link>
	</record>
	<record>
		<AgroforestryPractice>Windbreaks</AgroforestryPractice>
		<WebinarTitle>Using Remote Sensing to Identify Size and Condition of Kansas Windbreaks</WebinarTitle>
		<Presenter>Bob Atchison and Kabita Ghimire</Presenter>
		<Date>2012</Date>
		<WebinarHost>NAC</WebinarHost>
		<Link>http://nac.unl.edu/multimedia/conferences/Great_Plains/windbreakrenovation20120724.htm</Link>
	</record>
	<record>
		<AgroforestryPractice>Windbreaks</AgroforestryPractice>
		<WebinarTitle>A Remote Sensing-Based Approach for Mapping Tree Cover in the Great Plains</WebinarTitle>
		<Presenter>Dacia M. Meneguzzo, Greg C. Liknes, and Charles H. Perry</Presenter>
		<Date>2012</Date>
		<WebinarHost>NAC</WebinarHost>
		<Link>http://nac.unl.edu/multimedia/conferences/Great_Plains/windbreakrenovation20120724.htm</Link>
	</record>
	<record>
		<AgroforestryPractice>Windbreaks</AgroforestryPractice>
		<WebinarTitle>Assessment of Windbreak Condition and Indicators to Renovate</WebinarTitle>
		<Presenter>Steve Rasmussen</Presenter>
		<Date>2012</Date>
		<WebinarHost>NAC</WebinarHost>
		<Link>http://nac.unl.edu/multimedia/conferences/Great_Plains/windbreakrenovation20120724.htm</Link>
	</record>
	<record>
		<AgroforestryPractice>Windbreaks</AgroforestryPractice>
		<WebinarTitle>Renovation: Experiences in the Field</WebinarTitle>
		<Presenter>Craig Stange</Presenter>
		<Date>2012</Date>
		<WebinarHost>NAC</WebinarHost>
		<Link>http://nac.unl.edu/multimedia/conferences/Great_Plains/windbreakrenovation20120724.htm</Link>
	</record>
	<record>
		<AgroforestryPractice>Windbreaks</AgroforestryPractice>
		<WebinarTitle>Windbreak Renovation [North Dakota experience]</WebinarTitle>
		<Presenter>Anne Ehni</Presenter>
		<Date>2012</Date>
		<WebinarHost>NAC</WebinarHost>
		<Link>http://nac.unl.edu/multimedia/conferences/Great_Plains/windbreakrenovation20120724.htm</Link>
	</record>
	<record>
		<AgroforestryPractice>Windbreaks</AgroforestryPractice>
		<WebinarTitle>Shelterbelt Renovation [Manitoba experience]</WebinarTitle>
		<Presenter>Richard Warkentin</Presenter>
		<Date>2012</Date>
		<WebinarHost>NAC</WebinarHost>
		<Link>http://nac.unl.edu/multimedia/conferences/Great_Plains/windbreakrenovation20120724.htm</Link>
	</record>
	<record>
		<AgroforestryPractice>Windbreaks</AgroforestryPractice>
		<WebinarTitle>Invasive Pest Alerts for Windbreaks</WebinarTitle>
		<Presenter>John Ball</Presenter>
		<Date>2012</Date>
		<WebinarHost>NAC</WebinarHost>
		<Link>http://nac.unl.edu/multimedia/conferences/Great_Plains/windbreakrenovation20120724.htm</Link>
	</record>
	<record>
		<AgroforestryPractice>Windbreaks</AgroforestryPractice>
		<WebinarTitle>Shelterbelt Utilization: Options Beyond Piling and Burning</WebinarTitle>
		<Presenter>Shawn Dias</Presenter>
		<Date>2012</Date>
		<WebinarHost>NAC</WebinarHost>
		<Link>http://nac.unl.edu/multimedia/conferences/Great_Plains/windbreakrenovation20120724.htm</Link>
	</record>
	<record>
		<AgroforestryPractice>General</AgroforestryPractice>
		<WebinarTitle>Forests and Agroforestry</WebinarTitle>
		<Presenter>Jim Finley and Mike Jacobson</Presenter>
		<Date>2011</Date>
		<WebinarHost>Pennsylvania State University</WebinarHost>
		<Link>http://agsci.psu.edu/aec/research-extension/aec-webinars-and-events/aec-webinars/ag-101/forests-and-agroforestry</Link>
	</record>
	<record>
		<AgroforestryPractice>Silvopasture</AgroforestryPractice>
		<WebinarTitle>Silvopasture Opportunities for Eastern Forests: Guidelines for woodland owners, livestock producers, and foresters.</WebinarTitle>
		<Presenter>Brett Chedzoy</Presenter>
		<Date>2011</Date>
		<WebinarHost>Cornell University</WebinarHost>
		<Link>https://www.youtube.com/watch?v=zzZtQXUvp3o&amp;feature=youtu.be</Link>
	</record>
	<record>
		<AgroforestryPractice>Alley Cropping</AgroforestryPractice>
		<WebinarTitle>Short-rotation forestry and growing biofuel crops between trees</WebinarTitle>
		<Presenter>Eric Taylor</Presenter>
		<Date>2010</Date>
		<WebinarHost>NRCS</WebinarHost>
		<Link>http://www.conservationwebinars.net/webinars/short-rotation-forestry-and-growing-biofuel-crops-between-trees/?searchterm="forest farming"</Link>
	</record>
	<record>
		<AgroforestryPractice>General</AgroforestryPractice>
		<WebinarTitle>Agroforestry's Environmental Services: Drawing the Big Picture</WebinarTitle>
		<Presenter>Ranjith Udawatta and Stephen Anderson</Presenter>
		<Date>2010</Date>
		<WebinarHost>University of Missouri</WebinarHost>
		<Link>https://www.youtube.com/watch?feature=player_embedded&amp;v=KYGJtsaLi5I</Link>
	</record>
	<record>
		<AgroforestryPractice>General</AgroforestryPractice>
		<WebinarTitle>Specialty Crop Industries for the Midwest</WebinarTitle>
		<Presenter>Mike Gold and Larry Godsey</Presenter>
		<Date>2010</Date>
		<WebinarHost>University of Missouri</WebinarHost>
		<Link>https://www.youtube.com/watch?feature=player_embedded&amp;v=n0IMtbDvkgE</Link>
	</record>
	<record>
		<AgroforestryPractice>Riparian Forest Buffers</AgroforestryPractice>
		<WebinarTitle>Success at the Streamside</WebinarTitle>
		<Presenter>Diane Wilson and Diane Oleson</Presenter>
		<Date>2010</Date>
		<WebinarHost>Pennsylvania State University</WebinarHost>
		<Link>https://meeting.psu.edu/p38036871/?launcher=false&amp;fcsContent=true&amp;pbMode=normal</Link>
	</record>
	<record>
		<AgroforestryPractice>Silvopasture</AgroforestryPractice>
		<WebinarTitle>Silvopasture: A Viable Agroforestry Enterprise System</WebinarTitle>
		<Presenter>Terry Clason</Presenter>
		<Date>2010</Date>
		<WebinarHost>NRCS</WebinarHost>
		<Link>http://www.conservationwebinars.net/webinars/silvopasture/?searchterm=silvopasture</Link>
	</record>
	<record>
		<AgroforestryPractice>General</AgroforestryPractice>
		<WebinarTitle>Agroforestry in Southern Brazil</WebinarTitle>
		<Presenter>Antonio de Araujo</Presenter>
		<Date>2016</Date>
		<WebinarHost>University of Missouri</WebinarHost>
		<Link>https://agroforestry.adobeconnect.com/p3x4sae1iwv/</Link>
	</record>
	<record>
		<AgroforestryPractice>General</AgroforestryPractice>
		<WebinarTitle>Agroforestry for Food</WebinarTitle>
		<Presenter>Sarah Taylor Lovell</Presenter>
		<Date>2016</Date>
		<WebinarHost>University of Missouri</WebinarHost>
		<Link>https://agroforestry.adobeconnect.com/p72kbj1xcug/</Link>
	</record>
	<record>
		<AgroforestryPractice>General</AgroforestryPractice>
		<WebinarTitle>The Contribution of Agroforestry to SDG2</WebinarTitle>
		<Presenter>Florencia Montagnini</Presenter>
		<Date>2016</Date>
		<WebinarHost>University of Missouri</WebinarHost>
		<Link>https://agroforestry.adobeconnect.com/p6o15dihjgb/</Link>
	</record>
	<record>
		<AgroforestryPractice>Forest Farming</AgroforestryPractice>
		<WebinarTitle>Forest Farming: Goods from the Woods</WebinarTitle>
		<Presenter>Leslie Horner</Presenter>
		<Date>2016</Date>
		<WebinarHost>Pennsylvania State University</WebinarHost>
		<Link>http://extension.psu.edu/natural-resources/forests/courses/pa-forests-web-seminar-center/archive/forestry-series/2016/forest-farming-goods-from-the-woods</Link>
	</record>
	<record>
		<AgroforestryPractice>Forest Farming</AgroforestryPractice>
		<WebinarTitle>Economics of Log-Grown Shiitake: Positive Implications for Forest Management and Grower Profit</WebinarTitle>
		<Presenter>Steve Gabriel</Presenter>
		<Date>2015</Date>
		<WebinarHost>Cornell University</WebinarHost>
		<Link>https://www.youtube.com/watch?v=W-2jGTnlFFo&amp;feature=youtu.be</Link>
	</record>
	<record>
		<AgroforestryPractice>General</AgroforestryPractice>
		<WebinarTitle>India's National Agroforestry Policy</WebinarTitle>
		<Presenter>B. Mohan Kumar</Presenter>
		<Date>2015</Date>
		<WebinarHost>University of Missouri</WebinarHost>
		<Link>https://agroforestry.adobeconnect.com/p75r5j2bia9/</Link>
	</record>
	<record>
		<AgroforestryPractice>General</AgroforestryPractice>
		<WebinarTitle>Creating Wooded Pollinator Habitat</WebinarTitle>
		<Presenter>John Proctor and Mace Vaughan</Presenter>
		<Date>2016</Date>
		<WebinarHost>USFS Forest Stewardship Program</WebinarHost>
		<Link>https://usfs.adobeconnect.com/p8fu2y6gwgq/</Link>
	</record>
	<record>
		<AgroforestryPractice>General</AgroforestryPractice>
		<WebinarTitle>Agroforestry Opportunities in the Northeast</WebinarTitle>
		<Presenter>Kate MacFarland</Presenter>
		<Date>2016</Date>
		<WebinarHost>Northeast/Mid-Atlantic Agroforestry Working Group</WebinarHost>
		<Link>http://www.nemaagroforestry.org/agroforestry-opportunities-and-resources-in-the-northeast/</Link>
	</record>
	<record>
		<AgroforestryPractice>General</AgroforestryPractice>
		<WebinarTitle>Designing and Planning for Multifunctional Agroforestry Systems in the Northeast</WebinarTitle>
		<Presenter>Erik Hagan</Presenter>
		<Date>2016</Date>
		<WebinarHost>Northeast/Mid-Atlantic Agroforestry Working Group</WebinarHost>
		<Link>http://www.nemaagroforestry.org/design-and-planning-for-multi-functional-agroforestry-systems/</Link>
	</record>
	<record>
		<AgroforestryPractice>General</AgroforestryPractice>
		<WebinarTitle>Ecological and Social Drivers of Tree Diversity in Coffee Agroforestry Systems</WebinarTitle>
		<Presenter>Vivian Valencia</Presenter>
		<Date>2016</Date>
		<WebinarHost>University of Missouri</WebinarHost>
		<Link>https://agroforestry.adobeconnect.com/p5294v4nukc/?launcher=false&amp;fcsContent=true&amp;pbMode=normal</Link>
	</record>
	<record>
		<AgroforestryPractice>General</AgroforestryPractice>
		<WebinarTitle>Scaling up Sustainable Oil Palm Agroforestry Systems: Lessons from the Brazilian Amazon</WebinarTitle>
		<Presenter>Andrew Miccolis</Presenter>
		<Date>2016</Date>
		<WebinarHost>University of Missouri</WebinarHost>
		<Link>https://agroforestry.adobeconnect.com/p2zgldfhepe/?launcher=false&amp;fcsContent=true&amp;pbMode=normal</Link>
	</record>
	<record>
		<AgroforestryPractice>General</AgroforestryPractice>
		<WebinarTitle>Community Food Forests in the United States: Overview and Implications for Urban Agroforestry</WebinarTitle>
		<Presenter>Catherine Bukowski</Presenter>
		<Date>2016</Date>
		<WebinarHost>University of Missouri</WebinarHost>
		<Link>https://agroforestry.adobeconnect.com/p7mrruusg1v/?launcher=false&amp;fcsContent=true&amp;pbMode=normal</Link>
	</record>
	<record>
		<AgroforestryPractice>General</AgroforestryPractice>
		<WebinarTitle>Adapting Farms to Weather Extremes and Climate Uncertainty</WebinarTitle>
		<Presenter>Dan Dostie and Maria Janowiak</Presenter>
		<Date>2016</Date>
		<WebinarHost>NRCS</WebinarHost>
		<Link>http://www.conservationwebinars.net/webinars/adapting-farms-to-weather-extremes-and-climate-uncertainty</Link>
	</record>
	<record>
		<AgroforestryPractice>General</AgroforestryPractice>
		<WebinarTitle>Assessing the Sustainability of Agricultural and Urban Forests in the United States</WebinarTitle>
		<Presenter>Guy Robertson, Michele Schoeneberger, Dave Nowak, Hobie Perry, Greg Liknes</Presenter>
		<Date>2016</Date>
		<WebinarHost>NRCS</WebinarHost>
		<Link>http://www.conservationwebinars.net/webinars/assessing-sustainability-for-agricultural-and-urban-forests</Link>
	</record>
	<record>
		<AgroforestryPractice>Riparian Forest Buffers</AgroforestryPractice>
		<WebinarTitle>Multi-functional Buffers and the NTFP Calculator: Insight from Appalachian Sustainable Development </WebinarTitle>
		<Presenter>Katie Commender and Emily Lachiniet</Presenter>
		<Date>2016</Date>
		<WebinarHost>Northeast/Mid-Atlantic Agroforestry Working Group</WebinarHost>
		<Link>http://www.nemaagroforestry.org/multi-functional-buffers-and-the-ntfp-calculator-insight-from-appalachian-sustainable-development-asd/</Link>
	</record>
	<record>
		<AgroforestryPractice>Silvopasture</AgroforestryPractice>
		<WebinarTitle>Silvopasture Practices and Perspectives in the Northeastern United States</WebinarTitle>
		<Presenter>Joe Orefice</Presenter>
		<Date>2016</Date>
		<WebinarHost>Northeast/Mid-Atlantic Agroforestry Working Group</WebinarHost>
		<Link>http://www.nemaagroforestry.org/silvopasture-practices-and-perspectives-in-the-northeastern-united-states/</Link>
	</record>
	<record>
		<AgroforestryPractice>General</AgroforestryPractice>
		<WebinarTitle>Opportunities in Agroforestry</WebinarTitle>
		<Presenter>Tom Wahl and Kathy Dice</Presenter>
		<Date>2010</Date>
		<WebinarHost>Practical Farmers of Iowa</WebinarHost>
		<Link>http://practicalfarmers.org/farmer-knowledge/farminar-archive/opportunities-in-agroforestry</Link>
	</record>
	<record>
		<AgroforestryPractice>General</AgroforestryPractice>
		<WebinarTitle>American Chestnut Restoration Opportunities in the Northeast</WebinarTitle>
		<Presenter>Sara Fitzsimmons</Presenter>
		<Date>2017</Date>
		<WebinarHost>Northeast/Mid-Atlantic Agroforestry Working Group</WebinarHost>
		<Link>http://www.nemaagroforestry.org/webinar-5/</Link>
	</record>
	<record>
		<AgroforestryPractice>Windbreaks</AgroforestryPractice>
		<WebinarTitle>Multipurpose Buffers for Poultry Farms and Production</WebinarTitle>
		<Presenter>Paul Patterson</Presenter>
		<Date>2017</Date>
		<WebinarHost>Northeast/Mid-Atlantic Agroforestry Working Group</WebinarHost>
		<Link>http://www.nemaagroforestry.org/webinar-6/</Link>
	</record>
	<record>
		<AgroforestryPractice>Forest Farming</AgroforestryPractice>
		<WebinarTitle>The Roots of Appalachia: Sourcing Native Appalachian Medicinal Forest Plants through Forest Farmers</WebinarTitle>
		<Presenter>Eric Burkhart</Presenter>
		<Date>2017</Date>
		<WebinarHost>Northeast/Mid-Atlantic Agroforestry Working Group</WebinarHost>
		<Link>http://www.nemaagroforestry.org/webinar-7/</Link>
	</record>
</Library>
